The system is: Linux - 2.6.32-431.17.1.el6.x86_64 - x86_64
Compiling the C compiler identification source file "CMakeCCompilerId.c" succeeded.
Compiler: /data/opt/brew/bin/cc 
Build flags: 
Id flags:  

The output was:
0


Compilation of the C compiler identification source "CMakeCCompilerId.c" produced "a.out"

The C compiler identification is GNU, found in "/data/hzchen/DNAPregel/build/CMakeFiles/3.10.1/CompilerIdC/a.out"

Compiling the CXX compiler identification source file "CMakeCXXCompilerId.cpp" succeeded.
Compiler: /data/opt/brew/bin/c++ 
Build flags: 
Id flags:  

The output was:
0


Compilation of the CXX compiler identification source "CMakeCXXCompilerId.cpp" produced "a.out"

The CXX compiler identification is GNU, found in "/data/hzchen/DNAPregel/build/CMakeFiles/3.10.1/CompilerIdCXX/a.out"

Determining if the C compiler works passed with the following output:
Change Dir: /data/hzchen/DNAPregel/build/CMakeFiles/CMakeTmp

Run Build Command:"/usr/bin/gmake" "cmTC_cc8ea/fast"
/usr/bin/gmake -f CMakeFiles/cmTC_cc8ea.dir/build.make CMakeFiles/cmTC_cc8ea.dir/build
gmake[1]: Entering directory `/data/hzchen/DNAPregel/build/CMakeFiles/CMakeTmp'
Building C object CMakeFiles/cmTC_cc8ea.dir/testCCompiler.c.o
/data/opt/brew/bin/cc    -o CMakeFiles/cmTC_cc8ea.dir/testCCompiler.c.o   -c /data/hzchen/DNAPregel/build/CMakeFiles/CMakeTmp/testCCompiler.c
Linking C executable cmTC_cc8ea
/data/opt/brew/Cellar/cmake/3.10.1/bin/cmake -E cmake_link_script CMakeFiles/cmTC_cc8ea.dir/link.txt --verbose=1
/data/opt/brew/bin/cc      -rdynamic CMakeFiles/cmTC_cc8ea.dir/testCCompiler.c.o  -o cmTC_cc8ea 
gmake[1]: Leaving directory `/data/hzchen/DNAPregel/build/CMakeFiles/CMakeTmp'


Detecting C compiler ABI info compiled with the following output:
Change Dir: /data/hzchen/DNAPregel/build/CMakeFiles/CMakeTmp

Run Build Command:"/usr/bin/gmake" "cmTC_16c6d/fast"
/usr/bin/gmake -f CMakeFiles/cmTC_16c6d.dir/build.make CMakeFiles/cmTC_16c6d.dir/build
gmake[1]: Entering directory `/data/hzchen/DNAPregel/build/CMakeFiles/CMakeTmp'
Building C object CMakeFiles/cmTC_16c6d.dir/CMakeCCompilerABI.c.o
/data/opt/brew/bin/cc    -o CMakeFiles/cmTC_16c6d.dir/CMakeCCompilerABI.c.o   -c /data/opt/brew/Cellar/cmake/3.10.1/share/cmake/Modules/CMakeCCompilerABI.c
Linking C executable cmTC_16c6d
/data/opt/brew/Cellar/cmake/3.10.1/bin/cmake -E cmake_link_script CMakeFiles/cmTC_16c6d.dir/link.txt --verbose=1
/data/opt/brew/bin/cc     -v -rdynamic CMakeFiles/cmTC_16c6d.dir/CMakeCCompilerABI.c.o  -o cmTC_16c6d 
Reading specs from /data/opt/brew/Cellar/gcc/5.2.0/lib/gcc/x86_64-unknown-linux-gnu/5.2.0/specs
COLLECT_GCC=/data/opt/brew/bin/cc
COLLECT_LTO_WRAPPER=/data/opt/brew/Cellar/gcc/5.2.0/libexec/gcc/x86_64-unknown-linux-gnu/5.2.0/lto-wrapper
Target: x86_64-unknown-linux-gnu
Configured with: ../configure --prefix=/data/opt/brew/Cellar/gcc/5.2.0  --enable-languages=c,c++,objc,obj-c++,fortran --program-suffix=-5 --with-gmp=/data/opt/brew/opt/gmp --with-mpfr=/data/opt/brew/opt/mpfr --with-mpc=/data/opt/brew/opt/libmpc --with-isl=/data/opt/brew/opt/isl --with-system-zlib --enable-libstdcxx-time=yes --enable-stage1-checking --enable-checking=release --enable-lto --with-build-config=bootstrap-debug --disable-werror --with-pkgversion='Homebrew gcc 5.2.0' --with-bugurl=https://github.com/Homebrew/homebrew/issues --enable-plugin --disable-nls --disable-multilib
Thread model: posix
gcc version 5.2.0 (Homebrew gcc 5.2.0) 
COMPILER_PATH=/data/opt/brew/Cellar/gcc/5.2.0/libexec/gcc/x86_64-unknown-linux-gnu/5.2.0/:/data/opt/brew/Cellar/gcc/5.2.0/libexec/gcc/x86_64-unknown-linux-gnu/5.2.0/:/data/opt/brew/Cellar/gcc/5.2.0/libexec/gcc/x86_64-unknown-linux-gnu/:/data/opt/brew/Cellar/gcc/5.2.0/lib/gcc/x86_64-unknown-linux-gnu/5.2.0/:/data/opt/brew/Cellar/gcc/5.2.0/lib/gcc/x86_64-unknown-linux-gnu/
LIBRARY_PATH=/data/opt/lib/../lib64/:/usr/local/lib/../lib64/:/lib64/../lib64/:/usr/lib64/../lib64/:/data/opt/brew/Cellar/gcc/5.2.0/lib/gcc/x86_64-unknown-linux-gnu/5.2.0/:/data/opt/brew/Cellar/gcc/5.2.0/lib/gcc/x86_64-unknown-linux-gnu/5.2.0/../../../../lib64/:/lib/../lib64/:/usr/lib/../lib64/:/data/opt/lib/:/data/opt/brew/lib/:/usr/local/lib/:/lib64/:/usr/lib64/:/data/opt/jdk1.8.0_60/jre/lib/amd64/server/:/data/opt/hadoop-2.6.0/lib/native/:/data/hzchen/Actor/CAF/lib/:/data/opt/brew/Cellar/gcc/5.2.0/lib/gcc/x86_64-unknown-linux-gnu/5.2.0/../../../:/lib/:/usr/lib/
COLLECT_GCC_OPTIONS='-v' '-rdynamic' '-o' 'cmTC_16c6d' '-mtune=generic' '-march=x86-64'
 /data/opt/brew/Cellar/gcc/5.2.0/libexec/gcc/x86_64-unknown-linux-gnu/5.2.0/collect2 --eh-frame-hdr -m elf_x86_64 -export-dynamic -dynamic-linker /lib64/ld-linux-x86-64.so.2 -rpath /data/opt/brew/lib -o cmTC_16c6d /data/opt/lib/../lib64/crt1.o /data/opt/lib/../lib64/crti.o /data/opt/brew/Cellar/gcc/5.2.0/lib/gcc/x86_64-unknown-linux-gnu/5.2.0/crtbegin.o -L/data/opt/lib/../lib64 -L/usr/local/lib/../lib64 -L/lib64/../lib64 -L/usr/lib64/../lib64 -L/data/opt/brew/Cellar/gcc/5.2.0/lib/gcc/x86_64-unknown-linux-gnu/5.2.0 -L/data/opt/brew/Cellar/gcc/5.2.0/lib/gcc/x86_64-unknown-linux-gnu/5.2.0/../../../../lib64 -L/lib/../lib64 -L/usr/lib/../lib64 -L/data/opt/lib -L/data/opt/brew/lib -L/usr/local/lib -L/lib64 -L/usr/lib64 -L/data/opt/jdk1.8.0_60/jre/lib/amd64/server -L/data/opt/hadoop-2.6.0/lib/native -L/data/hzchen/Actor/CAF/lib -L/data/opt/brew/Cellar/gcc/5.2.0/lib/gcc/x86_64-unknown-linux-gnu/5.2.0/../../.. -L/data/opt/brew/lib CMakeFiles/cmTC_16c6d.dir/CMakeCCompilerABI.c.o -lgcc --as-needed -lgcc_s --no-as-needed -lc -lgcc --as-needed -lgcc_s --no-as-needed /data/opt/brew/Cellar/gcc/5.2.0/lib/gcc/x86_64-unknown-linux-gnu/5.2.0/crtend.o /data/opt/lib/../lib64/crtn.o
gmake[1]: Leaving directory `/data/hzchen/DNAPregel/build/CMakeFiles/CMakeTmp'


Parsed C implicit link information from above output:
  link line regex: [^( *|.*[/\])(ld|CMAKE_LINK_STARTFILE-NOTFOUND|([^/\]+-)?ld|collect2)[^/\]*( |$)]
  ignore line: [Change Dir: /data/hzchen/DNAPregel/build/CMakeFiles/CMakeTmp]
  ignore line: []
  ignore line: [Run Build Command:"/usr/bin/gmake" "cmTC_16c6d/fast"]
  ignore line: [/usr/bin/gmake -f CMakeFiles/cmTC_16c6d.dir/build.make CMakeFiles/cmTC_16c6d.dir/build]
  ignore line: [gmake[1]: Entering directory `/data/hzchen/DNAPregel/build/CMakeFiles/CMakeTmp']
  ignore line: [Building C object CMakeFiles/cmTC_16c6d.dir/CMakeCCompilerABI.c.o]
  ignore line: [/data/opt/brew/bin/cc    -o CMakeFiles/cmTC_16c6d.dir/CMakeCCompilerABI.c.o   -c /data/opt/brew/Cellar/cmake/3.10.1/share/cmake/Modules/CMakeCCompilerABI.c]
  ignore line: [Linking C executable cmTC_16c6d]
  ignore line: [/data/opt/brew/Cellar/cmake/3.10.1/bin/cmake -E cmake_link_script CMakeFiles/cmTC_16c6d.dir/link.txt --verbose=1]
  ignore line: [/data/opt/brew/bin/cc     -v -rdynamic CMakeFiles/cmTC_16c6d.dir/CMakeCCompilerABI.c.o  -o cmTC_16c6d ]
  ignore line: [Reading specs from /data/opt/brew/Cellar/gcc/5.2.0/lib/gcc/x86_64-unknown-linux-gnu/5.2.0/specs]
  ignore line: [COLLECT_GCC=/data/opt/brew/bin/cc]
  ignore line: [COLLECT_LTO_WRAPPER=/data/opt/brew/Cellar/gcc/5.2.0/libexec/gcc/x86_64-unknown-linux-gnu/5.2.0/lto-wrapper]
  ignore line: [Target: x86_64-unknown-linux-gnu]
  ignore line: [Configured with: ../configure --prefix=/data/opt/brew/Cellar/gcc/5.2.0  --enable-languages=c,c++,objc,obj-c++,fortran --program-suffix=-5 --with-gmp=/data/opt/brew/opt/gmp --with-mpfr=/data/opt/brew/opt/mpfr --with-mpc=/data/opt/brew/opt/libmpc --with-isl=/data/opt/brew/opt/isl --with-system-zlib --enable-libstdcxx-time=yes --enable-stage1-checking --enable-checking=release --enable-lto --with-build-config=bootstrap-debug --disable-werror --with-pkgversion='Homebrew gcc 5.2.0' --with-bugurl=https://github.com/Homebrew/homebrew/issues --enable-plugin --disable-nls --disable-multilib]
  ignore line: [Thread model: posix]
  ignore line: [gcc version 5.2.0 (Homebrew gcc 5.2.0) ]
  ignore line: [COMPILER_PATH=/data/opt/brew/Cellar/gcc/5.2.0/libexec/gcc/x86_64-unknown-linux-gnu/5.2.0/:/data/opt/brew/Cellar/gcc/5.2.0/libexec/gcc/x86_64-unknown-linux-gnu/5.2.0/:/data/opt/brew/Cellar/gcc/5.2.0/libexec/gcc/x86_64-unknown-linux-gnu/:/data/opt/brew/Cellar/gcc/5.2.0/lib/gcc/x86_64-unknown-linux-gnu/5.2.0/:/data/opt/brew/Cellar/gcc/5.2.0/lib/gcc/x86_64-unknown-linux-gnu/]
  ignore line: [LIBRARY_PATH=/data/opt/lib/../lib64/:/usr/local/lib/../lib64/:/lib64/../lib64/:/usr/lib64/../lib64/:/data/opt/brew/Cellar/gcc/5.2.0/lib/gcc/x86_64-unknown-linux-gnu/5.2.0/:/data/opt/brew/Cellar/gcc/5.2.0/lib/gcc/x86_64-unknown-linux-gnu/5.2.0/../../../../lib64/:/lib/../lib64/:/usr/lib/../lib64/:/data/opt/lib/:/data/opt/brew/lib/:/usr/local/lib/:/lib64/:/usr/lib64/:/data/opt/jdk1.8.0_60/jre/lib/amd64/server/:/data/opt/hadoop-2.6.0/lib/native/:/data/hzchen/Actor/CAF/lib/:/data/opt/brew/Cellar/gcc/5.2.0/lib/gcc/x86_64-unknown-linux-gnu/5.2.0/../../../:/lib/:/usr/lib/]
  ignore line: [COLLECT_GCC_OPTIONS='-v' '-rdynamic' '-o' 'cmTC_16c6d' '-mtune=generic' '-march=x86-64']
  link line: [ /data/opt/brew/Cellar/gcc/5.2.0/libexec/gcc/x86_64-unknown-linux-gnu/5.2.0/collect2 --eh-frame-hdr -m elf_x86_64 -export-dynamic -dynamic-linker /lib64/ld-linux-x86-64.so.2 -rpath /data/opt/brew/lib -o cmTC_16c6d /data/opt/lib/../lib64/crt1.o /data/opt/lib/../lib64/crti.o /data/opt/brew/Cellar/gcc/5.2.0/lib/gcc/x86_64-unknown-linux-gnu/5.2.0/crtbegin.o -L/data/opt/lib/../lib64 -L/usr/local/lib/../lib64 -L/lib64/../lib64 -L/usr/lib64/../lib64 -L/data/opt/brew/Cellar/gcc/5.2.0/lib/gcc/x86_64-unknown-linux-gnu/5.2.0 -L/data/opt/brew/Cellar/gcc/5.2.0/lib/gcc/x86_64-unknown-linux-gnu/5.2.0/../../../../lib64 -L/lib/../lib64 -L/usr/lib/../lib64 -L/data/opt/lib -L/data/opt/brew/lib -L/usr/local/lib -L/lib64 -L/usr/lib64 -L/data/opt/jdk1.8.0_60/jre/lib/amd64/server -L/data/opt/hadoop-2.6.0/lib/native -L/data/hzchen/Actor/CAF/lib -L/data/opt/brew/Cellar/gcc/5.2.0/lib/gcc/x86_64-unknown-linux-gnu/5.2.0/../../.. -L/data/opt/brew/lib CMakeFiles/cmTC_16c6d.dir/CMakeCCompilerABI.c.o -lgcc --as-needed -lgcc_s --no-as-needed -lc -lgcc --as-needed -lgcc_s --no-as-needed /data/opt/brew/Cellar/gcc/5.2.0/lib/gcc/x86_64-unknown-linux-gnu/5.2.0/crtend.o /data/opt/lib/../lib64/crtn.o]
    arg [/data/opt/brew/Cellar/gcc/5.2.0/libexec/gcc/x86_64-unknown-linux-gnu/5.2.0/collect2] ==> ignore
    arg [--eh-frame-hdr] ==> ignore
    arg [-m] ==> ignore
    arg [elf_x86_64] ==> ignore
    arg [-export-dynamic] ==> ignore
    arg [-dynamic-linker] ==> ignore
    arg [/lib64/ld-linux-x86-64.so.2] ==> ignore
    arg [-rpath] ==> ignore
    arg [/data/opt/brew/lib] ==> ignore
    arg [-o] ==> ignore
    arg [cmTC_16c6d] ==> ignore
    arg [/data/opt/lib/../lib64/crt1.o] ==> ignore
    arg [/data/opt/lib/../lib64/crti.o] ==> ignore
    arg [/data/opt/brew/Cellar/gcc/5.2.0/lib/gcc/x86_64-unknown-linux-gnu/5.2.0/crtbegin.o] ==> ignore
    arg [-L/data/opt/lib/../lib64] ==> dir [/data/opt/lib/../lib64]
    arg [-L/usr/local/lib/../lib64] ==> dir [/usr/local/lib/../lib64]
    arg [-L/lib64/../lib64] ==> dir [/lib64/../lib64]
    arg [-L/usr/lib64/../lib64] ==> dir [/usr/lib64/../lib64]
    arg [-L/data/opt/brew/Cellar/gcc/5.2.0/lib/gcc/x86_64-unknown-linux-gnu/5.2.0] ==> dir [/data/opt/brew/Cellar/gcc/5.2.0/lib/gcc/x86_64-unknown-linux-gnu/5.2.0]
    arg [-L/data/opt/brew/Cellar/gcc/5.2.0/lib/gcc/x86_64-unknown-linux-gnu/5.2.0/../../../../lib64] ==> dir [/data/opt/brew/Cellar/gcc/5.2.0/lib/gcc/x86_64-unknown-linux-gnu/5.2.0/../../../../lib64]
    arg [-L/lib/../lib64] ==> dir [/lib/../lib64]
    arg [-L/usr/lib/../lib64] ==> dir [/usr/lib/../lib64]
    arg [-L/data/opt/lib] ==> dir [/data/opt/lib]
    arg [-L/data/opt/brew/lib] ==> dir [/data/opt/brew/lib]
    arg [-L/usr/local/lib] ==> dir [/usr/local/lib]
    arg [-L/lib64] ==> dir [/lib64]
    arg [-L/usr/lib64] ==> dir [/usr/lib64]
    arg [-L/data/opt/jdk1.8.0_60/jre/lib/amd64/server] ==> dir [/data/opt/jdk1.8.0_60/jre/lib/amd64/server]
    arg [-L/data/opt/hadoop-2.6.0/lib/native] ==> dir [/data/opt/hadoop-2.6.0/lib/native]
    arg [-L/data/hzchen/Actor/CAF/lib] ==> dir [/data/hzchen/Actor/CAF/lib]
    arg [-L/data/opt/brew/Cellar/gcc/5.2.0/lib/gcc/x86_64-unknown-linux-gnu/5.2.0/../../..] ==> dir [/data/opt/brew/Cellar/gcc/5.2.0/lib/gcc/x86_64-unknown-linux-gnu/5.2.0/../../..]
    arg [-L/data/opt/brew/lib] ==> dir [/data/opt/brew/lib]
    arg [CMakeFiles/cmTC_16c6d.dir/CMakeCCompilerABI.c.o] ==> ignore
    arg [-lgcc] ==> lib [gcc]
    arg [--as-needed] ==> ignore
    arg [-lgcc_s] ==> lib [gcc_s]
    arg [--no-as-needed] ==> ignore
    arg [-lc] ==> lib [c]
    arg [-lgcc] ==> lib [gcc]
    arg [--as-needed] ==> ignore
    arg [-lgcc_s] ==> lib [gcc_s]
    arg [--no-as-needed] ==> ignore
    arg [/data/opt/brew/Cellar/gcc/5.2.0/lib/gcc/x86_64-unknown-linux-gnu/5.2.0/crtend.o] ==> ignore
    arg [/data/opt/lib/../lib64/crtn.o] ==> ignore
  collapse library dir [/data/opt/lib/../lib64] ==> [/data/opt/lib64]
  collapse library dir [/usr/local/lib/../lib64] ==> [/usr/local/lib64]
  collapse library dir [/lib64/../lib64] ==> [/lib64]
  collapse library dir [/usr/lib64/../lib64] ==> [/usr/lib64]
  collapse library dir [/data/opt/brew/Cellar/gcc/5.2.0/lib/gcc/x86_64-unknown-linux-gnu/5.2.0] ==> [/data/opt/brew/Cellar/gcc/5.2.0/lib/gcc/x86_64-unknown-linux-gnu/5.2.0]
  collapse library dir [/data/opt/brew/Cellar/gcc/5.2.0/lib/gcc/x86_64-unknown-linux-gnu/5.2.0/../../../../lib64] ==> [/data/opt/brew/Cellar/gcc/5.2.0/lib64]
  collapse library dir [/lib/../lib64] ==> [/lib64]
  collapse library dir [/usr/lib/../lib64] ==> [/usr/lib64]
  collapse library dir [/data/opt/lib] ==> [/data/opt/lib]
  collapse library dir [/data/opt/brew/lib] ==> [/data/opt/brew/lib]
  collapse library dir [/usr/local/lib] ==> [/usr/local/lib]
  collapse library dir [/lib64] ==> [/lib64]
  collapse library dir [/usr/lib64] ==> [/usr/lib64]
  collapse library dir [/data/opt/jdk1.8.0_60/jre/lib/amd64/server] ==> [/data/opt/jdk1.8.0_60/jre/lib/amd64/server]
  collapse library dir [/data/opt/hadoop-2.6.0/lib/native] ==> [/data/opt/hadoop-2.6.0/lib/native]
  collapse library dir [/data/hzchen/Actor/CAF/lib] ==> [/data/hzchen/Actor/CAF/lib]
  collapse library dir [/data/opt/brew/Cellar/gcc/5.2.0/lib/gcc/x86_64-unknown-linux-gnu/5.2.0/../../..] ==> [/data/opt/brew/Cellar/gcc/5.2.0/lib]
  collapse library dir [/data/opt/brew/lib] ==> [/data/opt/brew/lib]
  implicit libs: [gcc;gcc_s;c;gcc;gcc_s]
  implicit dirs: [/data/opt/lib64;/usr/local/lib64;/lib64;/usr/lib64;/data/opt/brew/Cellar/gcc/5.2.0/lib/gcc/x86_64-unknown-linux-gnu/5.2.0;/data/opt/brew/Cellar/gcc/5.2.0/lib64;/data/opt/lib;/data/opt/brew/lib;/usr/local/lib;/data/opt/jdk1.8.0_60/jre/lib/amd64/server;/data/opt/hadoop-2.6.0/lib/native;/data/hzchen/Actor/CAF/lib;/data/opt/brew/Cellar/gcc/5.2.0/lib]
  implicit fwks: []




Detecting C [-std=c11] compiler features compiled with the following output:
Change Dir: /data/hzchen/DNAPregel/build/CMakeFiles/CMakeTmp

Run Build Command:"/usr/bin/gmake" "cmTC_079e4/fast"
/usr/bin/gmake -f CMakeFiles/cmTC_079e4.dir/build.make CMakeFiles/cmTC_079e4.dir/build
gmake[1]: Entering directory `/data/hzchen/DNAPregel/build/CMakeFiles/CMakeTmp'
Building C object CMakeFiles/cmTC_079e4.dir/feature_tests.c.o
/data/opt/brew/bin/cc   -std=c11 -o CMakeFiles/cmTC_079e4.dir/feature_tests.c.o   -c /data/hzchen/DNAPregel/build/CMakeFiles/feature_tests.c
Linking C executable cmTC_079e4
/data/opt/brew/Cellar/cmake/3.10.1/bin/cmake -E cmake_link_script CMakeFiles/cmTC_079e4.dir/link.txt --verbose=1
/data/opt/brew/bin/cc      -rdynamic CMakeFiles/cmTC_079e4.dir/feature_tests.c.o  -o cmTC_079e4 
gmake[1]: Leaving directory `/data/hzchen/DNAPregel/build/CMakeFiles/CMakeTmp'


    Feature record: C_FEATURE:1c_function_prototypes
    Feature record: C_FEATURE:1c_restrict
    Feature record: C_FEATURE:1c_static_assert
    Feature record: C_FEATURE:1c_variadic_macros


Detecting C [-std=c99] compiler features compiled with the following output:
Change Dir: /data/hzchen/DNAPregel/build/CMakeFiles/CMakeTmp

Run Build Command:"/usr/bin/gmake" "cmTC_267ad/fast"
/usr/bin/gmake -f CMakeFiles/cmTC_267ad.dir/build.make CMakeFiles/cmTC_267ad.dir/build
gmake[1]: Entering directory `/data/hzchen/DNAPregel/build/CMakeFiles/CMakeTmp'
Building C object CMakeFiles/cmTC_267ad.dir/feature_tests.c.o
/data/opt/brew/bin/cc   -std=c99 -o CMakeFiles/cmTC_267ad.dir/feature_tests.c.o   -c /data/hzchen/DNAPregel/build/CMakeFiles/feature_tests.c
Linking C executable cmTC_267ad
/data/opt/brew/Cellar/cmake/3.10.1/bin/cmake -E cmake_link_script CMakeFiles/cmTC_267ad.dir/link.txt --verbose=1
/data/opt/brew/bin/cc      -rdynamic CMakeFiles/cmTC_267ad.dir/feature_tests.c.o  -o cmTC_267ad 
gmake[1]: Leaving directory `/data/hzchen/DNAPregel/build/CMakeFiles/CMakeTmp'


    Feature record: C_FEATURE:1c_function_prototypes
    Feature record: C_FEATURE:1c_restrict
    Feature record: C_FEATURE:0c_static_assert
    Feature record: C_FEATURE:1c_variadic_macros


Detecting C [-std=c90] compiler features compiled with the following output:
Change Dir: /data/hzchen/DNAPregel/build/CMakeFiles/CMakeTmp

Run Build Command:"/usr/bin/gmake" "cmTC_21719/fast"
/usr/bin/gmake -f CMakeFiles/cmTC_21719.dir/build.make CMakeFiles/cmTC_21719.dir/build
gmake[1]: Entering directory `/data/hzchen/DNAPregel/build/CMakeFiles/CMakeTmp'
Building C object CMakeFiles/cmTC_21719.dir/feature_tests.c.o
/data/opt/brew/bin/cc   -std=c90 -o CMakeFiles/cmTC_21719.dir/feature_tests.c.o   -c /data/hzchen/DNAPregel/build/CMakeFiles/feature_tests.c
Linking C executable cmTC_21719
/data/opt/brew/Cellar/cmake/3.10.1/bin/cmake -E cmake_link_script CMakeFiles/cmTC_21719.dir/link.txt --verbose=1
/data/opt/brew/bin/cc      -rdynamic CMakeFiles/cmTC_21719.dir/feature_tests.c.o  -o cmTC_21719 
gmake[1]: Leaving directory `/data/hzchen/DNAPregel/build/CMakeFiles/CMakeTmp'


    Feature record: C_FEATURE:1c_function_prototypes
    Feature record: C_FEATURE:0c_restrict
    Feature record: C_FEATURE:0c_static_assert
    Feature record: C_FEATURE:0c_variadic_macros
Determining if the CXX compiler works passed with the following output:
Change Dir: /data/hzchen/DNAPregel/build/CMakeFiles/CMakeTmp

Run Build Command:"/usr/bin/gmake" "cmTC_7fa88/fast"
/usr/bin/gmake -f CMakeFiles/cmTC_7fa88.dir/build.make CMakeFiles/cmTC_7fa88.dir/build
gmake[1]: Entering directory `/data/hzchen/DNAPregel/build/CMakeFiles/CMakeTmp'
Building CXX object CMakeFiles/cmTC_7fa88.dir/testCXXCompiler.cxx.o
/data/opt/brew/bin/c++     -o CMakeFiles/cmTC_7fa88.dir/testCXXCompiler.cxx.o -c /data/hzchen/DNAPregel/build/CMakeFiles/CMakeTmp/testCXXCompiler.cxx
Linking CXX executable cmTC_7fa88
/data/opt/brew/Cellar/cmake/3.10.1/bin/cmake -E cmake_link_script CMakeFiles/cmTC_7fa88.dir/link.txt --verbose=1
/data/opt/brew/bin/c++       -rdynamic CMakeFiles/cmTC_7fa88.dir/testCXXCompiler.cxx.o  -o cmTC_7fa88 
gmake[1]: Leaving directory `/data/hzchen/DNAPregel/build/CMakeFiles/CMakeTmp'


Detecting CXX compiler ABI info compiled with the following output:
Change Dir: /data/hzchen/DNAPregel/build/CMakeFiles/CMakeTmp

Run Build Command:"/usr/bin/gmake" "cmTC_6e025/fast"
/usr/bin/gmake -f CMakeFiles/cmTC_6e025.dir/build.make CMakeFiles/cmTC_6e025.dir/build
gmake[1]: Entering directory `/data/hzchen/DNAPregel/build/CMakeFiles/CMakeTmp'
Building CXX object CMakeFiles/cmTC_6e025.dir/CMakeCXXCompilerABI.cpp.o
/data/opt/brew/bin/c++     -o CMakeFiles/cmTC_6e025.dir/CMakeCXXCompilerABI.cpp.o -c /data/opt/brew/Cellar/cmake/3.10.1/share/cmake/Modules/CMakeCXXCompilerABI.cpp
Linking CXX executable cmTC_6e025
/data/opt/brew/Cellar/cmake/3.10.1/bin/cmake -E cmake_link_script CMakeFiles/cmTC_6e025.dir/link.txt --verbose=1
/data/opt/brew/bin/c++      -v -rdynamic CMakeFiles/cmTC_6e025.dir/CMakeCXXCompilerABI.cpp.o  -o cmTC_6e025 
Reading specs from /data/opt/brew/Cellar/gcc/5.2.0/lib/gcc/x86_64-unknown-linux-gnu/5.2.0/specs
COLLECT_GCC=/data/opt/brew/bin/c++
COLLECT_LTO_WRAPPER=/data/opt/brew/Cellar/gcc/5.2.0/libexec/gcc/x86_64-unknown-linux-gnu/5.2.0/lto-wrapper
Target: x86_64-unknown-linux-gnu
Configured with: ../configure --prefix=/data/opt/brew/Cellar/gcc/5.2.0  --enable-languages=c,c++,objc,obj-c++,fortran --program-suffix=-5 --with-gmp=/data/opt/brew/opt/gmp --with-mpfr=/data/opt/brew/opt/mpfr --with-mpc=/data/opt/brew/opt/libmpc --with-isl=/data/opt/brew/opt/isl --with-system-zlib --enable-libstdcxx-time=yes --enable-stage1-checking --enable-checking=release --enable-lto --with-build-config=bootstrap-debug --disable-werror --with-pkgversion='Homebrew gcc 5.2.0' --with-bugurl=https://github.com/Homebrew/homebrew/issues --enable-plugin --disable-nls --disable-multilib
Thread model: posix
gcc version 5.2.0 (Homebrew gcc 5.2.0) 
COMPILER_PATH=/data/opt/brew/Cellar/gcc/5.2.0/libexec/gcc/x86_64-unknown-linux-gnu/5.2.0/:/data/opt/brew/Cellar/gcc/5.2.0/libexec/gcc/x86_64-unknown-linux-gnu/5.2.0/:/data/opt/brew/Cellar/gcc/5.2.0/libexec/gcc/x86_64-unknown-linux-gnu/:/data/opt/brew/Cellar/gcc/5.2.0/lib/gcc/x86_64-unknown-linux-gnu/5.2.0/:/data/opt/brew/Cellar/gcc/5.2.0/lib/gcc/x86_64-unknown-linux-gnu/
LIBRARY_PATH=/data/opt/lib/../lib64/:/usr/local/lib/../lib64/:/lib64/../lib64/:/usr/lib64/../lib64/:/data/opt/brew/Cellar/gcc/5.2.0/lib/gcc/x86_64-unknown-linux-gnu/5.2.0/:/data/opt/brew/Cellar/gcc/5.2.0/lib/gcc/x86_64-unknown-linux-gnu/5.2.0/../../../../lib64/:/lib/../lib64/:/usr/lib/../lib64/:/data/opt/lib/:/data/opt/brew/lib/:/usr/local/lib/:/lib64/:/usr/lib64/:/data/opt/jdk1.8.0_60/jre/lib/amd64/server/:/data/opt/hadoop-2.6.0/lib/native/:/data/hzchen/Actor/CAF/lib/:/data/opt/brew/Cellar/gcc/5.2.0/lib/gcc/x86_64-unknown-linux-gnu/5.2.0/../../../:/lib/:/usr/lib/
COLLECT_GCC_OPTIONS='-v' '-rdynamic' '-o' 'cmTC_6e025' '-shared-libgcc' '-mtune=generic' '-march=x86-64'
 /data/opt/brew/Cellar/gcc/5.2.0/libexec/gcc/x86_64-unknown-linux-gnu/5.2.0/collect2 --eh-frame-hdr -m elf_x86_64 -export-dynamic -dynamic-linker /lib64/ld-linux-x86-64.so.2 -rpath /data/opt/brew/lib -o cmTC_6e025 /data/opt/lib/../lib64/crt1.o /data/opt/lib/../lib64/crti.o /data/opt/brew/Cellar/gcc/5.2.0/lib/gcc/x86_64-unknown-linux-gnu/5.2.0/crtbegin.o -L/data/opt/lib/../lib64 -L/usr/local/lib/../lib64 -L/lib64/../lib64 -L/usr/lib64/../lib64 -L/data/opt/brew/Cellar/gcc/5.2.0/lib/gcc/x86_64-unknown-linux-gnu/5.2.0 -L/data/opt/brew/Cellar/gcc/5.2.0/lib/gcc/x86_64-unknown-linux-gnu/5.2.0/../../../../lib64 -L/lib/../lib64 -L/usr/lib/../lib64 -L/data/opt/lib -L/data/opt/brew/lib -L/usr/local/lib -L/lib64 -L/usr/lib64 -L/data/opt/jdk1.8.0_60/jre/lib/amd64/server -L/data/opt/hadoop-2.6.0/lib/native -L/data/hzchen/Actor/CAF/lib -L/data/opt/brew/Cellar/gcc/5.2.0/lib/gcc/x86_64-unknown-linux-gnu/5.2.0/../../.. -L/data/opt/brew/lib CMakeFiles/cmTC_6e025.dir/CMakeCXXCompilerABI.cpp.o -lstdc++ -lm -lgcc_s -lgcc -lc -lgcc_s -lgcc /data/opt/brew/Cellar/gcc/5.2.0/lib/gcc/x86_64-unknown-linux-gnu/5.2.0/crtend.o /data/opt/lib/../lib64/crtn.o
gmake[1]: Leaving directory `/data/hzchen/DNAPregel/build/CMakeFiles/CMakeTmp'


Parsed CXX implicit link information from above output:
  link line regex: [^( *|.*[/\])(ld|CMAKE_LINK_STARTFILE-NOTFOUND|([^/\]+-)?ld|collect2)[^/\]*( |$)]
  ignore line: [Change Dir: /data/hzchen/DNAPregel/build/CMakeFiles/CMakeTmp]
  ignore line: []
  ignore line: [Run Build Command:"/usr/bin/gmake" "cmTC_6e025/fast"]
  ignore line: [/usr/bin/gmake -f CMakeFiles/cmTC_6e025.dir/build.make CMakeFiles/cmTC_6e025.dir/build]
  ignore line: [gmake[1]: Entering directory `/data/hzchen/DNAPregel/build/CMakeFiles/CMakeTmp']
  ignore line: [Building CXX object CMakeFiles/cmTC_6e025.dir/CMakeCXXCompilerABI.cpp.o]
  ignore line: [/data/opt/brew/bin/c++     -o CMakeFiles/cmTC_6e025.dir/CMakeCXXCompilerABI.cpp.o -c /data/opt/brew/Cellar/cmake/3.10.1/share/cmake/Modules/CMakeCXXCompilerABI.cpp]
  ignore line: [Linking CXX executable cmTC_6e025]
  ignore line: [/data/opt/brew/Cellar/cmake/3.10.1/bin/cmake -E cmake_link_script CMakeFiles/cmTC_6e025.dir/link.txt --verbose=1]
  ignore line: [/data/opt/brew/bin/c++      -v -rdynamic CMakeFiles/cmTC_6e025.dir/CMakeCXXCompilerABI.cpp.o  -o cmTC_6e025 ]
  ignore line: [Reading specs from /data/opt/brew/Cellar/gcc/5.2.0/lib/gcc/x86_64-unknown-linux-gnu/5.2.0/specs]
  ignore line: [COLLECT_GCC=/data/opt/brew/bin/c++]
  ignore line: [COLLECT_LTO_WRAPPER=/data/opt/brew/Cellar/gcc/5.2.0/libexec/gcc/x86_64-unknown-linux-gnu/5.2.0/lto-wrapper]
  ignore line: [Target: x86_64-unknown-linux-gnu]
  ignore line: [Configured with: ../configure --prefix=/data/opt/brew/Cellar/gcc/5.2.0  --enable-languages=c,c++,objc,obj-c++,fortran --program-suffix=-5 --with-gmp=/data/opt/brew/opt/gmp --with-mpfr=/data/opt/brew/opt/mpfr --with-mpc=/data/opt/brew/opt/libmpc --with-isl=/data/opt/brew/opt/isl --with-system-zlib --enable-libstdcxx-time=yes --enable-stage1-checking --enable-checking=release --enable-lto --with-build-config=bootstrap-debug --disable-werror --with-pkgversion='Homebrew gcc 5.2.0' --with-bugurl=https://github.com/Homebrew/homebrew/issues --enable-plugin --disable-nls --disable-multilib]
  ignore line: [Thread model: posix]
  ignore line: [gcc version 5.2.0 (Homebrew gcc 5.2.0) ]
  ignore line: [COMPILER_PATH=/data/opt/brew/Cellar/gcc/5.2.0/libexec/gcc/x86_64-unknown-linux-gnu/5.2.0/:/data/opt/brew/Cellar/gcc/5.2.0/libexec/gcc/x86_64-unknown-linux-gnu/5.2.0/:/data/opt/brew/Cellar/gcc/5.2.0/libexec/gcc/x86_64-unknown-linux-gnu/:/data/opt/brew/Cellar/gcc/5.2.0/lib/gcc/x86_64-unknown-linux-gnu/5.2.0/:/data/opt/brew/Cellar/gcc/5.2.0/lib/gcc/x86_64-unknown-linux-gnu/]
  ignore line: [LIBRARY_PATH=/data/opt/lib/../lib64/:/usr/local/lib/../lib64/:/lib64/../lib64/:/usr/lib64/../lib64/:/data/opt/brew/Cellar/gcc/5.2.0/lib/gcc/x86_64-unknown-linux-gnu/5.2.0/:/data/opt/brew/Cellar/gcc/5.2.0/lib/gcc/x86_64-unknown-linux-gnu/5.2.0/../../../../lib64/:/lib/../lib64/:/usr/lib/../lib64/:/data/opt/lib/:/data/opt/brew/lib/:/usr/local/lib/:/lib64/:/usr/lib64/:/data/opt/jdk1.8.0_60/jre/lib/amd64/server/:/data/opt/hadoop-2.6.0/lib/native/:/data/hzchen/Actor/CAF/lib/:/data/opt/brew/Cellar/gcc/5.2.0/lib/gcc/x86_64-unknown-linux-gnu/5.2.0/../../../:/lib/:/usr/lib/]
  ignore line: [COLLECT_GCC_OPTIONS='-v' '-rdynamic' '-o' 'cmTC_6e025' '-shared-libgcc' '-mtune=generic' '-march=x86-64']
  link line: [ /data/opt/brew/Cellar/gcc/5.2.0/libexec/gcc/x86_64-unknown-linux-gnu/5.2.0/collect2 --eh-frame-hdr -m elf_x86_64 -export-dynamic -dynamic-linker /lib64/ld-linux-x86-64.so.2 -rpath /data/opt/brew/lib -o cmTC_6e025 /data/opt/lib/../lib64/crt1.o /data/opt/lib/../lib64/crti.o /data/opt/brew/Cellar/gcc/5.2.0/lib/gcc/x86_64-unknown-linux-gnu/5.2.0/crtbegin.o -L/data/opt/lib/../lib64 -L/usr/local/lib/../lib64 -L/lib64/../lib64 -L/usr/lib64/../lib64 -L/data/opt/brew/Cellar/gcc/5.2.0/lib/gcc/x86_64-unknown-linux-gnu/5.2.0 -L/data/opt/brew/Cellar/gcc/5.2.0/lib/gcc/x86_64-unknown-linux-gnu/5.2.0/../../../../lib64 -L/lib/../lib64 -L/usr/lib/../lib64 -L/data/opt/lib -L/data/opt/brew/lib -L/usr/local/lib -L/lib64 -L/usr/lib64 -L/data/opt/jdk1.8.0_60/jre/lib/amd64/server -L/data/opt/hadoop-2.6.0/lib/native -L/data/hzchen/Actor/CAF/lib -L/data/opt/brew/Cellar/gcc/5.2.0/lib/gcc/x86_64-unknown-linux-gnu/5.2.0/../../.. -L/data/opt/brew/lib CMakeFiles/cmTC_6e025.dir/CMakeCXXCompilerABI.cpp.o -lstdc++ -lm -lgcc_s -lgcc -lc -lgcc_s -lgcc /data/opt/brew/Cellar/gcc/5.2.0/lib/gcc/x86_64-unknown-linux-gnu/5.2.0/crtend.o /data/opt/lib/../lib64/crtn.o]
    arg [/data/opt/brew/Cellar/gcc/5.2.0/libexec/gcc/x86_64-unknown-linux-gnu/5.2.0/collect2] ==> ignore
    arg [--eh-frame-hdr] ==> ignore
    arg [-m] ==> ignore
    arg [elf_x86_64] ==> ignore
    arg [-export-dynamic] ==> ignore
    arg [-dynamic-linker] ==> ignore
    arg [/lib64/ld-linux-x86-64.so.2] ==> ignore
    arg [-rpath] ==> ignore
    arg [/data/opt/brew/lib] ==> ignore
    arg [-o] ==> ignore
    arg [cmTC_6e025] ==> ignore
    arg [/data/opt/lib/../lib64/crt1.o] ==> ignore
    arg [/data/opt/lib/../lib64/crti.o] ==> ignore
    arg [/data/opt/brew/Cellar/gcc/5.2.0/lib/gcc/x86_64-unknown-linux-gnu/5.2.0/crtbegin.o] ==> ignore
    arg [-L/data/opt/lib/../lib64] ==> dir [/data/opt/lib/../lib64]
    arg [-L/usr/local/lib/../lib64] ==> dir [/usr/local/lib/../lib64]
    arg [-L/lib64/../lib64] ==> dir [/lib64/../lib64]
    arg [-L/usr/lib64/../lib64] ==> dir [/usr/lib64/../lib64]
    arg [-L/data/opt/brew/Cellar/gcc/5.2.0/lib/gcc/x86_64-unknown-linux-gnu/5.2.0] ==> dir [/data/opt/brew/Cellar/gcc/5.2.0/lib/gcc/x86_64-unknown-linux-gnu/5.2.0]
    arg [-L/data/opt/brew/Cellar/gcc/5.2.0/lib/gcc/x86_64-unknown-linux-gnu/5.2.0/../../../../lib64] ==> dir [/data/opt/brew/Cellar/gcc/5.2.0/lib/gcc/x86_64-unknown-linux-gnu/5.2.0/../../../../lib64]
    arg [-L/lib/../lib64] ==> dir [/lib/../lib64]
    arg [-L/usr/lib/../lib64] ==> dir [/usr/lib/../lib64]
    arg [-L/data/opt/lib] ==> dir [/data/opt/lib]
    arg [-L/data/opt/brew/lib] ==> dir [/data/opt/brew/lib]
    arg [-L/usr/local/lib] ==> dir [/usr/local/lib]
    arg [-L/lib64] ==> dir [/lib64]
    arg [-L/usr/lib64] ==> dir [/usr/lib64]
    arg [-L/data/opt/jdk1.8.0_60/jre/lib/amd64/server] ==> dir [/data/opt/jdk1.8.0_60/jre/lib/amd64/server]
    arg [-L/data/opt/hadoop-2.6.0/lib/native] ==> dir [/data/opt/hadoop-2.6.0/lib/native]
    arg [-L/data/hzchen/Actor/CAF/lib] ==> dir [/data/hzchen/Actor/CAF/lib]
    arg [-L/data/opt/brew/Cellar/gcc/5.2.0/lib/gcc/x86_64-unknown-linux-gnu/5.2.0/../../..] ==> dir [/data/opt/brew/Cellar/gcc/5.2.0/lib/gcc/x86_64-unknown-linux-gnu/5.2.0/../../..]
    arg [-L/data/opt/brew/lib] ==> dir [/data/opt/brew/lib]
    arg [CMakeFiles/cmTC_6e025.dir/CMakeCXXCompilerABI.cpp.o] ==> ignore
    arg [-lstdc++] ==> lib [stdc++]
    arg [-lm] ==> lib [m]
    arg [-lgcc_s] ==> lib [gcc_s]
    arg [-lgcc] ==> lib [gcc]
    arg [-lc] ==> lib [c]
    arg [-lgcc_s] ==> lib [gcc_s]
    arg [-lgcc] ==> lib [gcc]
    arg [/data/opt/brew/Cellar/gcc/5.2.0/lib/gcc/x86_64-unknown-linux-gnu/5.2.0/crtend.o] ==> ignore
    arg [/data/opt/lib/../lib64/crtn.o] ==> ignore
  collapse library dir [/data/opt/lib/../lib64] ==> [/data/opt/lib64]
  collapse library dir [/usr/local/lib/../lib64] ==> [/usr/local/lib64]
  collapse library dir [/lib64/../lib64] ==> [/lib64]
  collapse library dir [/usr/lib64/../lib64] ==> [/usr/lib64]
  collapse library dir [/data/opt/brew/Cellar/gcc/5.2.0/lib/gcc/x86_64-unknown-linux-gnu/5.2.0] ==> [/data/opt/brew/Cellar/gcc/5.2.0/lib/gcc/x86_64-unknown-linux-gnu/5.2.0]
  collapse library dir [/data/opt/brew/Cellar/gcc/5.2.0/lib/gcc/x86_64-unknown-linux-gnu/5.2.0/../../../../lib64] ==> [/data/opt/brew/Cellar/gcc/5.2.0/lib64]
  collapse library dir [/lib/../lib64] ==> [/lib64]
  collapse library dir [/usr/lib/../lib64] ==> [/usr/lib64]
  collapse library dir [/data/opt/lib] ==> [/data/opt/lib]
  collapse library dir [/data/opt/brew/lib] ==> [/data/opt/brew/lib]
  collapse library dir [/usr/local/lib] ==> [/usr/local/lib]
  collapse library dir [/lib64] ==> [/lib64]
  collapse library dir [/usr/lib64] ==> [/usr/lib64]
  collapse library dir [/data/opt/jdk1.8.0_60/jre/lib/amd64/server] ==> [/data/opt/jdk1.8.0_60/jre/lib/amd64/server]
  collapse library dir [/data/opt/hadoop-2.6.0/lib/native] ==> [/data/opt/hadoop-2.6.0/lib/native]
  collapse library dir [/data/hzchen/Actor/CAF/lib] ==> [/data/hzchen/Actor/CAF/lib]
  collapse library dir [/data/opt/brew/Cellar/gcc/5.2.0/lib/gcc/x86_64-unknown-linux-gnu/5.2.0/../../..] ==> [/data/opt/brew/Cellar/gcc/5.2.0/lib]
  collapse library dir [/data/opt/brew/lib] ==> [/data/opt/brew/lib]
  implicit libs: [stdc++;m;gcc_s;gcc;c;gcc_s;gcc]
  implicit dirs: [/data/opt/lib64;/usr/local/lib64;/lib64;/usr/lib64;/data/opt/brew/Cellar/gcc/5.2.0/lib/gcc/x86_64-unknown-linux-gnu/5.2.0;/data/opt/brew/Cellar/gcc/5.2.0/lib64;/data/opt/lib;/data/opt/brew/lib;/usr/local/lib;/data/opt/jdk1.8.0_60/jre/lib/amd64/server;/data/opt/hadoop-2.6.0/lib/native;/data/hzchen/Actor/CAF/lib;/data/opt/brew/Cellar/gcc/5.2.0/lib]
  implicit fwks: []




Detecting CXX [-std=c++1z] compiler features compiled with the following output:
Change Dir: /data/hzchen/DNAPregel/build/CMakeFiles/CMakeTmp

Run Build Command:"/usr/bin/gmake" "cmTC_1f0b9/fast"
/usr/bin/gmake -f CMakeFiles/cmTC_1f0b9.dir/build.make CMakeFiles/cmTC_1f0b9.dir/build
gmake[1]: Entering directory `/data/hzchen/DNAPregel/build/CMakeFiles/CMakeTmp'
Building CXX object CMakeFiles/cmTC_1f0b9.dir/feature_tests.cxx.o
/data/opt/brew/bin/c++    -std=c++1z -o CMakeFiles/cmTC_1f0b9.dir/feature_tests.cxx.o -c /data/hzchen/DNAPregel/build/CMakeFiles/feature_tests.cxx
Linking CXX executable cmTC_1f0b9
/data/opt/brew/Cellar/cmake/3.10.1/bin/cmake -E cmake_link_script CMakeFiles/cmTC_1f0b9.dir/link.txt --verbose=1
/data/opt/brew/bin/c++       -rdynamic CMakeFiles/cmTC_1f0b9.dir/feature_tests.cxx.o  -o cmTC_1f0b9 
gmake[1]: Leaving directory `/data/hzchen/DNAPregel/build/CMakeFiles/CMakeTmp'


    Feature record: CXX_FEATURE:1cxx_aggregate_default_initializers
    Feature record: CXX_FEATURE:1cxx_alias_templates
    Feature record: CXX_FEATURE:1cxx_alignas
    Feature record: CXX_FEATURE:1cxx_alignof
    Feature record: CXX_FEATURE:1cxx_attributes
    Feature record: CXX_FEATURE:1cxx_attribute_deprecated
    Feature record: CXX_FEATURE:1cxx_auto_type
    Feature record: CXX_FEATURE:1cxx_binary_literals
    Feature record: CXX_FEATURE:1cxx_constexpr
    Feature record: CXX_FEATURE:1cxx_contextual_conversions
    Feature record: CXX_FEATURE:1cxx_decltype
    Feature record: CXX_FEATURE:1cxx_decltype_auto
    Feature record: CXX_FEATURE:1cxx_decltype_incomplete_return_types
    Feature record: CXX_FEATURE:1cxx_default_function_template_args
    Feature record: CXX_FEATURE:1cxx_defaulted_functions
    Feature record: CXX_FEATURE:1cxx_defaulted_move_initializers
    Feature record: CXX_FEATURE:1cxx_delegating_constructors
    Feature record: CXX_FEATURE:1cxx_deleted_functions
    Feature record: CXX_FEATURE:1cxx_digit_separators
    Feature record: CXX_FEATURE:1cxx_enum_forward_declarations
    Feature record: CXX_FEATURE:1cxx_explicit_conversions
    Feature record: CXX_FEATURE:1cxx_extended_friend_declarations
    Feature record: CXX_FEATURE:1cxx_extern_templates
    Feature record: CXX_FEATURE:1cxx_final
    Feature record: CXX_FEATURE:1cxx_func_identifier
    Feature record: CXX_FEATURE:1cxx_generalized_initializers
    Feature record: CXX_FEATURE:1cxx_generic_lambdas
    Feature record: CXX_FEATURE:1cxx_inheriting_constructors
    Feature record: CXX_FEATURE:1cxx_inline_namespaces
    Feature record: CXX_FEATURE:1cxx_lambdas
    Feature record: CXX_FEATURE:1cxx_lambda_init_captures
    Feature record: CXX_FEATURE:1cxx_local_type_template_args
    Feature record: CXX_FEATURE:1cxx_long_long_type
    Feature record: CXX_FEATURE:1cxx_noexcept
    Feature record: CXX_FEATURE:1cxx_nonstatic_member_init
    Feature record: CXX_FEATURE:1cxx_nullptr
    Feature record: CXX_FEATURE:1cxx_override
    Feature record: CXX_FEATURE:1cxx_range_for
    Feature record: CXX_FEATURE:1cxx_raw_string_literals
    Feature record: CXX_FEATURE:1cxx_reference_qualified_functions
    Feature record: CXX_FEATURE:1cxx_relaxed_constexpr
    Feature record: CXX_FEATURE:1cxx_return_type_deduction
    Feature record: CXX_FEATURE:1cxx_right_angle_brackets
    Feature record: CXX_FEATURE:1cxx_rvalue_references
    Feature record: CXX_FEATURE:1cxx_sizeof_member
    Feature record: CXX_FEATURE:1cxx_static_assert
    Feature record: CXX_FEATURE:1cxx_strong_enums
    Feature record: CXX_FEATURE:1cxx_template_template_parameters
    Feature record: CXX_FEATURE:1cxx_thread_local
    Feature record: CXX_FEATURE:1cxx_trailing_return_types
    Feature record: CXX_FEATURE:1cxx_unicode_literals
    Feature record: CXX_FEATURE:1cxx_uniform_initialization
    Feature record: CXX_FEATURE:1cxx_unrestricted_unions
    Feature record: CXX_FEATURE:1cxx_user_literals
    Feature record: CXX_FEATURE:1cxx_variable_templates
    Feature record: CXX_FEATURE:1cxx_variadic_macros
    Feature record: CXX_FEATURE:1cxx_variadic_templates


Detecting CXX [-std=c++14] compiler features compiled with the following output:
Change Dir: /data/hzchen/DNAPregel/build/CMakeFiles/CMakeTmp

Run Build Command:"/usr/bin/gmake" "cmTC_3e834/fast"
/usr/bin/gmake -f CMakeFiles/cmTC_3e834.dir/build.make CMakeFiles/cmTC_3e834.dir/build
gmake[1]: Entering directory `/data/hzchen/DNAPregel/build/CMakeFiles/CMakeTmp'
Building CXX object CMakeFiles/cmTC_3e834.dir/feature_tests.cxx.o
/data/opt/brew/bin/c++    -std=c++14 -o CMakeFiles/cmTC_3e834.dir/feature_tests.cxx.o -c /data/hzchen/DNAPregel/build/CMakeFiles/feature_tests.cxx
Linking CXX executable cmTC_3e834
/data/opt/brew/Cellar/cmake/3.10.1/bin/cmake -E cmake_link_script CMakeFiles/cmTC_3e834.dir/link.txt --verbose=1
/data/opt/brew/bin/c++       -rdynamic CMakeFiles/cmTC_3e834.dir/feature_tests.cxx.o  -o cmTC_3e834 
gmake[1]: Leaving directory `/data/hzchen/DNAPregel/build/CMakeFiles/CMakeTmp'


    Feature record: CXX_FEATURE:1cxx_aggregate_default_initializers
    Feature record: CXX_FEATURE:1cxx_alias_templates
    Feature record: CXX_FEATURE:1cxx_alignas
    Feature record: CXX_FEATURE:1cxx_alignof
    Feature record: CXX_FEATURE:1cxx_attributes
    Feature record: CXX_FEATURE:1cxx_attribute_deprecated
    Feature record: CXX_FEATURE:1cxx_auto_type
    Feature record: CXX_FEATURE:1cxx_binary_literals
    Feature record: CXX_FEATURE:1cxx_constexpr
    Feature record: CXX_FEATURE:1cxx_contextual_conversions
    Feature record: CXX_FEATURE:1cxx_decltype
    Feature record: CXX_FEATURE:1cxx_decltype_auto
    Feature record: CXX_FEATURE:1cxx_decltype_incomplete_return_types
    Feature record: CXX_FEATURE:1cxx_default_function_template_args
    Feature record: CXX_FEATURE:1cxx_defaulted_functions
    Feature record: CXX_FEATURE:1cxx_defaulted_move_initializers
    Feature record: CXX_FEATURE:1cxx_delegating_constructors
    Feature record: CXX_FEATURE:1cxx_deleted_functions
    Feature record: CXX_FEATURE:1cxx_digit_separators
    Feature record: CXX_FEATURE:1cxx_enum_forward_declarations
    Feature record: CXX_FEATURE:1cxx_explicit_conversions
    Feature record: CXX_FEATURE:1cxx_extended_friend_declarations
    Feature record: CXX_FEATURE:1cxx_extern_templates
    Feature record: CXX_FEATURE:1cxx_final
    Feature record: CXX_FEATURE:1cxx_func_identifier
    Feature record: CXX_FEATURE:1cxx_generalized_initializers
    Feature record: CXX_FEATURE:1cxx_generic_lambdas
    Feature record: CXX_FEATURE:1cxx_inheriting_constructors
    Feature record: CXX_FEATURE:1cxx_inline_namespaces
    Feature record: CXX_FEATURE:1cxx_lambdas
    Feature record: CXX_FEATURE:1cxx_lambda_init_captures
    Feature record: CXX_FEATURE:1cxx_local_type_template_args
    Feature record: CXX_FEATURE:1cxx_long_long_type
    Feature record: CXX_FEATURE:1cxx_noexcept
    Feature record: CXX_FEATURE:1cxx_nonstatic_member_init
    Feature record: CXX_FEATURE:1cxx_nullptr
    Feature record: CXX_FEATURE:1cxx_override
    Feature record: CXX_FEATURE:1cxx_range_for
    Feature record: CXX_FEATURE:1cxx_raw_string_literals
    Feature record: CXX_FEATURE:1cxx_reference_qualified_functions
    Feature record: CXX_FEATURE:1cxx_relaxed_constexpr
    Feature record: CXX_FEATURE:1cxx_return_type_deduction
    Feature record: CXX_FEATURE:1cxx_right_angle_brackets
    Feature record: CXX_FEATURE:1cxx_rvalue_references
    Feature record: CXX_FEATURE:1cxx_sizeof_member
    Feature record: CXX_FEATURE:1cxx_static_assert
    Feature record: CXX_FEATURE:1cxx_strong_enums
    Feature record: CXX_FEATURE:1cxx_template_template_parameters
    Feature record: CXX_FEATURE:1cxx_thread_local
    Feature record: CXX_FEATURE:1cxx_trailing_return_types
    Feature record: CXX_FEATURE:1cxx_unicode_literals
    Feature record: CXX_FEATURE:1cxx_uniform_initialization
    Feature record: CXX_FEATURE:1cxx_unrestricted_unions
    Feature record: CXX_FEATURE:1cxx_user_literals
    Feature record: CXX_FEATURE:1cxx_variable_templates
    Feature record: CXX_FEATURE:1cxx_variadic_macros
    Feature record: CXX_FEATURE:1cxx_variadic_templates


Detecting CXX [-std=c++11] compiler features compiled with the following output:
Change Dir: /data/hzchen/DNAPregel/build/CMakeFiles/CMakeTmp

Run Build Command:"/usr/bin/gmake" "cmTC_f2c83/fast"
/usr/bin/gmake -f CMakeFiles/cmTC_f2c83.dir/build.make CMakeFiles/cmTC_f2c83.dir/build
gmake[1]: Entering directory `/data/hzchen/DNAPregel/build/CMakeFiles/CMakeTmp'
Building CXX object CMakeFiles/cmTC_f2c83.dir/feature_tests.cxx.o
/data/opt/brew/bin/c++    -std=c++11 -o CMakeFiles/cmTC_f2c83.dir/feature_tests.cxx.o -c /data/hzchen/DNAPregel/build/CMakeFiles/feature_tests.cxx
Linking CXX executable cmTC_f2c83
/data/opt/brew/Cellar/cmake/3.10.1/bin/cmake -E cmake_link_script CMakeFiles/cmTC_f2c83.dir/link.txt --verbose=1
/data/opt/brew/bin/c++       -rdynamic CMakeFiles/cmTC_f2c83.dir/feature_tests.cxx.o  -o cmTC_f2c83 
gmake[1]: Leaving directory `/data/hzchen/DNAPregel/build/CMakeFiles/CMakeTmp'


    Feature record: CXX_FEATURE:0cxx_aggregate_default_initializers
    Feature record: CXX_FEATURE:1cxx_alias_templates
    Feature record: CXX_FEATURE:1cxx_alignas
    Feature record: CXX_FEATURE:1cxx_alignof
    Feature record: CXX_FEATURE:1cxx_attributes
    Feature record: CXX_FEATURE:0cxx_attribute_deprecated
    Feature record: CXX_FEATURE:1cxx_auto_type
    Feature record: CXX_FEATURE:0cxx_binary_literals
    Feature record: CXX_FEATURE:1cxx_constexpr
    Feature record: CXX_FEATURE:0cxx_contextual_conversions
    Feature record: CXX_FEATURE:1cxx_decltype
    Feature record: CXX_FEATURE:0cxx_decltype_auto
    Feature record: CXX_FEATURE:1cxx_decltype_incomplete_return_types
    Feature record: CXX_FEATURE:1cxx_default_function_template_args
    Feature record: CXX_FEATURE:1cxx_defaulted_functions
    Feature record: CXX_FEATURE:1cxx_defaulted_move_initializers
    Feature record: CXX_FEATURE:1cxx_delegating_constructors
    Feature record: CXX_FEATURE:1cxx_deleted_functions
    Feature record: CXX_FEATURE:0cxx_digit_separators
    Feature record: CXX_FEATURE:1cxx_enum_forward_declarations
    Feature record: CXX_FEATURE:1cxx_explicit_conversions
    Feature record: CXX_FEATURE:1cxx_extended_friend_declarations
    Feature record: CXX_FEATURE:1cxx_extern_templates
    Feature record: CXX_FEATURE:1cxx_final
    Feature record: CXX_FEATURE:1cxx_func_identifier
    Feature record: CXX_FEATURE:1cxx_generalized_initializers
    Feature record: CXX_FEATURE:0cxx_generic_lambdas
    Feature record: CXX_FEATURE:1cxx_inheriting_constructors
    Feature record: CXX_FEATURE:1cxx_inline_namespaces
    Feature record: CXX_FEATURE:1cxx_lambdas
    Feature record: CXX_FEATURE:0cxx_lambda_init_captures
    Feature record: CXX_FEATURE:1cxx_local_type_template_args
    Feature record: CXX_FEATURE:1cxx_long_long_type
    Feature record: CXX_FEATURE:1cxx_noexcept
    Feature record: CXX_FEATURE:1cxx_nonstatic_member_init
    Feature record: CXX_FEATURE:1cxx_nullptr
    Feature record: CXX_FEATURE:1cxx_override
    Feature record: CXX_FEATURE:1cxx_range_for
    Feature record: CXX_FEATURE:1cxx_raw_string_literals
    Feature record: CXX_FEATURE:1cxx_reference_qualified_functions
    Feature record: CXX_FEATURE:0cxx_relaxed_constexpr
    Feature record: CXX_FEATURE:0cxx_return_type_deduction
    Feature record: CXX_FEATURE:1cxx_right_angle_brackets
    Feature record: CXX_FEATURE:1cxx_rvalue_references
    Feature record: CXX_FEATURE:1cxx_sizeof_member
    Feature record: CXX_FEATURE:1cxx_static_assert
    Feature record: CXX_FEATURE:1cxx_strong_enums
    Feature record: CXX_FEATURE:1cxx_template_template_parameters
    Feature record: CXX_FEATURE:1cxx_thread_local
    Feature record: CXX_FEATURE:1cxx_trailing_return_types
    Feature record: CXX_FEATURE:1cxx_unicode_literals
    Feature record: CXX_FEATURE:1cxx_uniform_initialization
    Feature record: CXX_FEATURE:1cxx_unrestricted_unions
    Feature record: CXX_FEATURE:1cxx_user_literals
    Feature record: CXX_FEATURE:0cxx_variable_templates
    Feature record: CXX_FEATURE:1cxx_variadic_macros
    Feature record: CXX_FEATURE:1cxx_variadic_templates


Detecting CXX [-std=c++98] compiler features compiled with the following output:
Change Dir: /data/hzchen/DNAPregel/build/CMakeFiles/CMakeTmp

Run Build Command:"/usr/bin/gmake" "cmTC_ce1fd/fast"
/usr/bin/gmake -f CMakeFiles/cmTC_ce1fd.dir/build.make CMakeFiles/cmTC_ce1fd.dir/build
gmake[1]: Entering directory `/data/hzchen/DNAPregel/build/CMakeFiles/CMakeTmp'
Building CXX object CMakeFiles/cmTC_ce1fd.dir/feature_tests.cxx.o
/data/opt/brew/bin/c++    -std=c++98 -o CMakeFiles/cmTC_ce1fd.dir/feature_tests.cxx.o -c /data/hzchen/DNAPregel/build/CMakeFiles/feature_tests.cxx
Linking CXX executable cmTC_ce1fd
/data/opt/brew/Cellar/cmake/3.10.1/bin/cmake -E cmake_link_script CMakeFiles/cmTC_ce1fd.dir/link.txt --verbose=1
/data/opt/brew/bin/c++       -rdynamic CMakeFiles/cmTC_ce1fd.dir/feature_tests.cxx.o  -o cmTC_ce1fd 
gmake[1]: Leaving directory `/data/hzchen/DNAPregel/build/CMakeFiles/CMakeTmp'


    Feature record: CXX_FEATURE:0cxx_aggregate_default_initializers
    Feature record: CXX_FEATURE:0cxx_alias_templates
    Feature record: CXX_FEATURE:0cxx_alignas
    Feature record: CXX_FEATURE:0cxx_alignof
    Feature record: CXX_FEATURE:0cxx_attributes
    Feature record: CXX_FEATURE:0cxx_attribute_deprecated
    Feature record: CXX_FEATURE:0cxx_auto_type
    Feature record: CXX_FEATURE:0cxx_binary_literals
    Feature record: CXX_FEATURE:0cxx_constexpr
    Feature record: CXX_FEATURE:0cxx_contextual_conversions
    Feature record: CXX_FEATURE:0cxx_decltype
    Feature record: CXX_FEATURE:0cxx_decltype_auto
    Feature record: CXX_FEATURE:0cxx_decltype_incomplete_return_types
    Feature record: CXX_FEATURE:0cxx_default_function_template_args
    Feature record: CXX_FEATURE:0cxx_defaulted_functions
    Feature record: CXX_FEATURE:0cxx_defaulted_move_initializers
    Feature record: CXX_FEATURE:0cxx_delegating_constructors
    Feature record: CXX_FEATURE:0cxx_deleted_functions
    Feature record: CXX_FEATURE:0cxx_digit_separators
    Feature record: CXX_FEATURE:0cxx_enum_forward_declarations
    Feature record: CXX_FEATURE:0cxx_explicit_conversions
    Feature record: CXX_FEATURE:0cxx_extended_friend_declarations
    Feature record: CXX_FEATURE:0cxx_extern_templates
    Feature record: CXX_FEATURE:0cxx_final
    Feature record: CXX_FEATURE:0cxx_func_identifier
    Feature record: CXX_FEATURE:0cxx_generalized_initializers
    Feature record: CXX_FEATURE:0cxx_generic_lambdas
    Feature record: CXX_FEATURE:0cxx_inheriting_constructors
    Feature record: CXX_FEATURE:0cxx_inline_namespaces
    Feature record: CXX_FEATURE:0cxx_lambdas
    Feature record: CXX_FEATURE:0cxx_lambda_init_captures
    Feature record: CXX_FEATURE:0cxx_local_type_template_args
    Feature record: CXX_FEATURE:0cxx_long_long_type
    Feature record: CXX_FEATURE:0cxx_noexcept
    Feature record: CXX_FEATURE:0cxx_nonstatic_member_init
    Feature record: CXX_FEATURE:0cxx_nullptr
    Feature record: CXX_FEATURE:0cxx_override
    Feature record: CXX_FEATURE:0cxx_range_for
    Feature record: CXX_FEATURE:0cxx_raw_string_literals
    Feature record: CXX_FEATURE:0cxx_reference_qualified_functions
    Feature record: CXX_FEATURE:0cxx_relaxed_constexpr
    Feature record: CXX_FEATURE:0cxx_return_type_deduction
    Feature record: CXX_FEATURE:0cxx_right_angle_brackets
    Feature record: CXX_FEATURE:0cxx_rvalue_references
    Feature record: CXX_FEATURE:0cxx_sizeof_member
    Feature record: CXX_FEATURE:0cxx_static_assert
    Feature record: CXX_FEATURE:0cxx_strong_enums
    Feature record: CXX_FEATURE:1cxx_template_template_parameters
    Feature record: CXX_FEATURE:0cxx_thread_local
    Feature record: CXX_FEATURE:0cxx_trailing_return_types
    Feature record: CXX_FEATURE:0cxx_unicode_literals
    Feature record: CXX_FEATURE:0cxx_uniform_initialization
    Feature record: CXX_FEATURE:0cxx_unrestricted_unions
    Feature record: CXX_FEATURE:0cxx_user_literals
    Feature record: CXX_FEATURE:0cxx_variable_templates
    Feature record: CXX_FEATURE:0cxx_variadic_macros
    Feature record: CXX_FEATURE:0cxx_variadic_templates
